[INFO]:[2022-12-11 16:18:06,817]:[Apple ML Research Blog] ====== WebDriver manager ======
[INFO]:[2022-12-11 16:18:06,953]:[Apple ML Research Blog] Get LATEST chromedriver version for google-chrome 108.0.5359
[INFO]:[2022-12-11 16:18:07,170]:[Apple ML Research Blog] There is no [linux64] chromedriver for browser 108.0.5359 in cache
[INFO]:[2022-12-11 16:18:07,171]:[Apple ML Research Blog] About to download new driver from https://chromedriver.storage.googleapis.com/108.0.5359.71/chromedriver_linux64.zip
[INFO]:[2022-12-11 16:18:07,724]:[Apple ML Research Blog] Driver has been saved in cache [/home/runner/.wdm/drivers/chromedriver/linux64/108.0.5359]
[INFO]:[2022-12-11 16:18:11,644]:[Deepmind Blog] ====== WebDriver manager ======
[INFO]:[2022-12-11 16:18:11,675]:[Deepmind Blog] Get LATEST chromedriver version for google-chrome 108.0.5359
[INFO]:[2022-12-11 16:18:11,869]:[Deepmind Blog] Driver [/home/runner/.wdm/drivers/chromedriver/linux64/108.0.5359/chromedriver] found in cache
[INFO]:[2022-12-11 16:18:16,094]:[Depends On The Definition Blog] ====== WebDriver manager ======
[INFO]:[2022-12-11 16:18:16,125]:[Depends On The Definition Blog] Get LATEST chromedriver version for google-chrome 108.0.5359
[INFO]:[2022-12-11 16:18:16,317]:[Depends On The Definition Blog] Driver [/home/runner/.wdm/drivers/chromedriver/linux64/108.0.5359/chromedriver] found in cache
[INFO]:[2022-12-11 16:18:28,796]:[Machine Learning Mastery Blog] ====== WebDriver manager ======
[INFO]:[2022-12-11 16:18:28,827]:[Machine Learning Mastery Blog] Get LATEST chromedriver version for google-chrome 108.0.5359
[INFO]:[2022-12-11 16:18:29,020]:[Machine Learning Mastery Blog] Driver [/home/runner/.wdm/drivers/chromedriver/linux64/108.0.5359/chromedriver] found in cache
[INFO]:[2022-12-11 16:18:32,587]:[MarkTechPost] ====== WebDriver manager ======
[INFO]:[2022-12-11 16:18:32,619]:[MarkTechPost] Get LATEST chromedriver version for google-chrome 108.0.5359
[INFO]:[2022-12-11 16:18:32,813]:[MarkTechPost] Driver [/home/runner/.wdm/drivers/chromedriver/linux64/108.0.5359/chromedriver] found in cache
[INFO]:[2022-12-11 16:18:40,601]:[Neural Magic Blog] ====== WebDriver manager ======
[INFO]:[2022-12-11 16:18:40,632]:[Neural Magic Blog] Get LATEST chromedriver version for google-chrome 108.0.5359
[INFO]:[2022-12-11 16:18:40,823]:[Neural Magic Blog] Driver [/home/runner/.wdm/drivers/chromedriver/linux64/108.0.5359/chromedriver] found in cache
